[2020-05-03 21:52:49.954] [exthost] [info] extension host started
[2020-05-03 21:52:50.079] [exthost] [info] ExtensionService#_doActivateExtension vscode.debug-auto-launch {"startup":true,"extensionId":{"value":"vscode.debug-auto-launch","_lower":"vscode.debug-auto-launch"},"activationEvent":"*"}
[2020-05-03 21:52:50.088] [exthost] [info] ExtensionService#loadCommonJSModule file:///usr/lib/code/extensions/debug-auto-launch/dist/extension
[2020-05-03 21:52:50.102] [exthost] [info] ExtensionService#_doActivateExtension vscode.emmet {"startup":true,"extensionId":{"value":"vscode.emmet","_lower":"vscode.emmet"},"activationEvent":"*"}
[2020-05-03 21:52:50.111] [exthost] [info] ExtensionService#loadCommonJSModule file:///usr/lib/code/extensions/emmet/dist/extension
[2020-05-03 21:52:50.181] [exthost] [info] ExtensionService#_doActivateExtension vscode.git {"startup":true,"extensionId":{"value":"vscode.git","_lower":"vscode.git"},"activationEvent":"*"}
[2020-05-03 21:52:50.185] [exthost] [info] ExtensionService#loadCommonJSModule file:///usr/lib/code/extensions/git/dist/main
[2020-05-03 21:52:50.287] [exthost] [info] ExtensionService#_doActivateExtension vscode.github-authentication {"startup":true,"extensionId":{"value":"vscode.github-authentication","_lower":"vscode.github-authentication"},"activationEvent":"*"}
[2020-05-03 21:52:50.287] [exthost] [info] ExtensionService#loadCommonJSModule file:///usr/lib/code/extensions/github-authentication/dist/extension.js
[2020-05-03 21:52:50.308] [exthost] [info] ExtensionService#_doActivateExtension vscode.merge-conflict {"startup":true,"extensionId":{"value":"vscode.merge-conflict","_lower":"vscode.merge-conflict"},"activationEvent":"*"}
[2020-05-03 21:52:50.311] [exthost] [info] ExtensionService#loadCommonJSModule file:///usr/lib/code/extensions/merge-conflict/dist/extension
[2020-05-03 21:52:50.313] [exthost] [info] ExtensionService#_doActivateExtension vscode.search-result {"startup":true,"extensionId":{"value":"vscode.search-result","_lower":"vscode.search-result"},"activationEvent":"*"}
[2020-05-03 21:52:50.321] [exthost] [info] ExtensionService#loadCommonJSModule file:///usr/lib/code/extensions/search-result/dist/extension.js
[2020-05-03 21:52:50.322] [exthost] [info] ExtensionService#_doActivateExtension vscode.vscode-account {"startup":true,"extensionId":{"value":"vscode.vscode-account","_lower":"vscode.vscode-account"},"activationEvent":"*"}
[2020-05-03 21:52:50.324] [exthost] [info] ExtensionService#loadCommonJSModule file:///usr/lib/code/extensions/vscode-account/dist/extension.js
[2020-05-03 21:52:50.332] [exthost] [info] eager extensions activated
[2020-05-03 21:57:03.765] [exthost] [info] ExtensionService#_doActivateExtension vscode.python {"startup":false,"extensionId":{"value":"vscode.python","_lower":"vscode.python"},"activationEvent":"onLanguage:python"}
[2020-05-03 21:57:03.767] [exthost] [info] ExtensionService#loadCommonJSModule file:///usr/lib/code/extensions/python/dist/pythonMain
[2020-05-03 21:58:12.289] [exthost] [info] ExtensionService#_doActivateExtension tht13.python {"startup":false,"extensionId":{"value":"tht13.python","_lower":"tht13.python"},"activationEvent":"onLanguage:python"}
[2020-05-03 21:58:12.289] [exthost] [info] ExtensionService#loadCommonJSModule file:///root/.vscode-oss/extensions/tht13.python-0.2.3/out/client/src/pythonMain
[2020-05-03 21:58:12.383] [exthost] [error] Activating extension tht13.python failed due to an error:
[2020-05-03 21:58:12.386] [exthost] [error] TypeError: Cannot read property 'document' of undefined
	at PythonExtension.startServer (/root/.vscode-oss/extensions/tht13.python-0.2.3/out/client/src/pythonMain.js:154:55)
	at activate (/root/.vscode-oss/extensions/tht13.python-0.2.3/out/client/src/pythonMain.js:9:38)
	at Function._callActivateOptional (/usr/lib/code/out/vs/workbench/services/extensions/node/extensionHostProcess.js:788:244)
	at Function._callActivate (/usr/lib/code/out/vs/workbench/services/extensions/node/extensionHostProcess.js:787:909)
	at /usr/lib/code/out/vs/workbench/services/extensions/node/extensionHostProcess.js:786:960
	at async Promise.all (index 0)
	at async h.$activate (/usr/lib/code/out/vs/workbench/services/extensions/node/extensionHostProcess.js:793:297)
[2020-05-03 21:59:00.400] [exthost] [info] ExtensionService#_doActivateExtension ms-python.python {"startup":false,"extensionId":{"value":"ms-python.python","_lower":"ms-python.python"},"activationEvent":"onLanguage:python"}
[2020-05-03 21:59:00.401] [exthost] [info] ExtensionService#loadCommonJSModule file:///root/.vscode-oss/extensions/ms-python.python-2020.4.76186/out/client/extension
